         1      1          1          1 GWT::Widget::~Widget
         2      1          2          2 TkWidgImpl::~TkWidgImpl
        28      1         11         28 Tcl::TkWidget::~TkWidget
         8      1          8          8 GlxWrapper::~GlxWrapper
        11      1          3         11 GLCanvas::~GLCanvas
         1      1          1          1 GxScene::~GxScene
       126      1          5        126 Toglet::~Toglet
       181      1         15        181 TkWidgImpl::cEventuallyFreeCallback
       184      1          3        184 TkWidget::cEventCallback-DestroyNotify
     26760      1       1582      26760 ObjDb::clearOnExit
         0      1          0          0 Sound::closeSound
         6      1          3          6 Util::SignalBase::doDisconnect
        34      1         14         34 GxScene::setDrawable
        79      1         16         79 GxScene::clearscreen
       498      1          6        498 GxScene::fullClearscreen
       502      1          4        502 GxScene::setVisibility
         2      2          3          4 Toglet::getCurrent
       372     75        687      27954 Tcl::Pkg::Impl::~Impl
      1212     75       2688      90971 Tcl::Pkg::~Pkg
      1214     75        114      91085 Tcl::Pkg-exitHandler
         0   2500       1235       1235 MorphyFace::~MorphyFace
       650   2500      52775    1626878 MorphyFace::writeTo
         0   2500       1222       1222 MorphyFace::serialVersionId
       546   2500      54891    1366697 MorphyFace::readFrom
         3   5000      18078      18078 MorphyFace::grGetBoundingBox
        57   2500      15653     143502 GxShapeKit::setMaxDimension
        74   2500       9117     185583 MorphyFace::MorphyFace
       418   2500     430555    1045571 MorphyFace::make
         6   2220      15205      15205 Fish::~Fish
       274   2220      40862     609384 Fish::writeTo
         0   2220       1059       1059 Fish::serialVersionId
       343   2220      48483     761916 Fish::readFrom
         0   2220       1118       1118 Util::RefCounts::releaseStrongNoDelete
         0  22200      17083      17083 Fish::updatePtrs
        13   2220      29669      29669 Fish::restoreToDefault
        52   2220      36758     117626 Fish::Fish
       407   2220     391970     904647 Fish::make
         0   1522        725        725 TimingHandler::~TimingHandler
       419   1522      28027     638045 TimingHandler::writeTo
         0   1522        729        729 TimingHandler::serialVersionId
       741   1522      30322    1127867 TimingHandler::readFrom
         3   9132      22871      31024 TimingHdlr::addEvent
       112   9132     112147    1024270 TimingHdlr::addEventByName
       678   1522       8995    1033265 TimingHandler::TimingHandler
       692   1522      13197    1053784 TimingHandler::make
       111   1522      59885     169134 KbdResponseHdlr::make
         0    308        155        155 GxLine::~GxLine
       112    308        946      34657 GxLine::writeTo
        61    308        687      18823 GxLine::readFrom
         2    308        479        672 GxLine::GxLine
        43    308       6920      13371 GxLine::make
         1    171        197        197 Util::Error::~Error
         2    171        356        356 Util::Error::Error(fstring)
         1   3664       3860       3860 Tcl::Interp::interpDeleted
        12   3664      43443      47303 Tcl::Interp::deleteCommand
       104   4046     169389     423929 Tcl::Command::~Command
         0   2824       2553       2553 EventResponseHdlr::Impl::~Impl
         2 305936     656133     777091 Response::printTo
         0 305936     192043     192043 Response::getNativeTypeName
        13 305936    3992006    3992006 Response::scanFrom
       242   2824      23565     686205 EventResponseHdlr::writeTo
       163    966       8225     158327 EventResponseHdlr::setInputResponseMap
       242   2824      87049     686092 EventResponseHdlr::readFrom
         0   2824       1710       1710 EventResponseHdlr::Impl::Impl
       105   1302      45542     137710 EventResponseHdlr::make
         1    108        112        112 ObjDb::isValidId
         0    438        240        240 MaskHatch::~MaskHatch
         0   1872        930        930 GxText::~GxText
         0    676        338        338 Jitter::~Jitter
       184    438       8166      80778 MaskHatch::writeTo
         0    438        216        216 MaskHatch::serialVersionId
       281   1872      36350     526815 GxText::writeTo
         0   1872        904        904 GxText::serialVersionId
       266   1872      55128     498062 GxText::readFrom
       279    438       8796     122556 MaskHatch::readFrom
        40    438       7113      17768 MaskHatch::MaskHatch
       362    438      70601     158758 MaskHatch::make
         0   6872       5773       5773 GxAligner::getCenter
     28923   3744  108290574  108290574 GLCanvas::worldFromScreen(Gfx::Vec2)
     57856   1872      17146  108307720 GLCanvas::worldFromScreen(Gfx::Rect)
     31893   3744  119407828  119407828 GLCanvas::screenFromWorld(Gfx::Vec2)
     63796   1872      19306  119427134 GLCanvas::screenFromWorld(Gfx::Rect)
    121668   1872      28591  227763445 GxRasterFont::bboxOf
    121671   1872       5367  227768812 GxText::grGetBoundingBox
         0   6872       4761       4761 Gfx::Txform::scale
     33154   6872      44890  227836541 GxBounds::getBoundingCube
     33163   6872      54935  227900925 GxAligner::getBoundingCube
     33171   6872      49236  227954040 GxNode::getBoundingBox
         0   6872       4896       4896 Gfx::Canvas::current
    121732   1872      16055  227884081 GxShapeKit::setHeight
    121762   1872      11501  227939511 GxText::GxText(const char*)
     16568      1      16568      16568 GLCanvas::genLists
         1      2          2          2 Tcl::List::at
        69      1         48         69 GxRasterFont::Impl::pickXFont
         5      1          5          5 System::getenv
         1      1          1          1 System::System 
         2      1          1          2 System::theSystem
    310354      1     293710     310354 GxRasterFont::GxRasterFont
    122281   1872     337182  228910978 GxText::make
       194    676      14221     131284 Jitter::writeTo
         0    676        325        325 Jitter::serialVersionId
         0  38636      19643      19643 Gfx::BmapData::swap
         5  38636     160983     200927 Gfx::BmapData::clear
       257    676      17132     174362 Jitter::readFrom
         0    676        323        323 Jitter::Jitter
        52    676      20603      35345 Jitter::make
         0 946728     506415     506415 Value::~Value
         1  17966      19469      19469 GxTransform::~GxTransform
         0  53756      39857      39857 TrialEvent::~TrialEvent
         0  38372      25588      25588 Face::~Face
         0 1499659     782690     782690 Util::SlotBase::~SlotBase
         0 1499659     774034     774034 Util::Slot0::~Slot0
       180 147898     191053   26634573 GxShapeKit::~GxShapeKit
         2 100414     276575     276575 GxPixmap::~GxPixmap
         0   3958       2030       2030 ResponseHandler::~ResponseHandler
         0   1134        580        580 NullResponseHdlr::~NullResponseHdlr
        12   5970      49951      76034 TimingHdlr::~TimingHdlr
         0 1295346     665487     665487 Util::Signal0::~Signal0
         0 1241589     658398     658398 GxNode::~GxNode
         0 1777921     919511     919511 Util::VolatileObject::~VolatileObject
        63 482572   13575919   30404289 Util::VolatileObject::destroy
        13 334672     416528    4377177 GxSeparator::~GxSeparator
         7 264064    1397785    2036027 Trial::~Trial
        90   5558     104593     501703 Tcl::Interp::deleteProc
         8   5558      49465      49465 Tcl::Interp::hasCommand
        55  13812     459155     772801 ElementContainer::~ElementContainer
        96   2654      35715     255662 ExptDriver::~ExptDriver
         1 3378782    3325458    3761989 Util::RefCounted::isShared
     59591   1327   22315428   79077892 ObjDb::clear
       358  59507   10379320   21325568 GxPixmap::make
         0   6906       6206       6206 ElementContainer::isComplete
         2   6906      12018      18224 ElementContainer::vxHalt
         5   6906      16460      34684 ElementContainer::clearElements
      1374   6906    5145834    9492021 ElementContainer::readFrom
         0   2654       1299       1299 XMLWriter::~XMLWriter
       315 100414    2617001   31646899 GxPixmap::writeTo
         0 100414      52400      52400 GxPixmap::serialVersionId
         0  38372      18885      18885 Face::category
       296  38372     734250   11363595 Face::writeTo
         0  38372      19020      19020 Face::serialVersionId
       324  81300   26413128   26413128 Util::gzstreambuf::overflow
         9  44624      63841     443929 TrialEvent::writeTo
       468   5970     393930    2795807 TimingHdlr::writeTo
         0   5970       3033       3033 TimingHdlr::serialVersionId
         0   1134        632        632 NullResponseHdlr::writeTo
         0 147898      83920      83920 GxShapeKit::getCenterY
         0 147898      88398      88398 GxShapeKit::getCenterX
         0 147898     107723     107723 GxShapeKit::getAlignmentMode
         0 147898      82671      82671 GxShapeKit::getHeightFactor
         0 147898      96831      96831 GxShapeKit::getWidthFactor
         0 147898     114586     114586 GxShapeKit::getScalingMode
         9 652792    3971737    5958584 XMLWriter::writeBool
         0 147898     111360     111360 GxShapeKit::getBBVisibility
         0 104806      75108      75108 GxShapeKit::category
       133 147898     260089   19788927 GxShapeKit::writeTo
         0 147898      76343      76343 GxShapeKit::serialVersionId
       231   2082      46079     482761 FixPt::writeTo
         0   2082       1015       1015 FixPt::serialVersionId
        14 1044364   11343869   14747808 XMLWriter::writeDouble
        16  55768     904309     912319 TMultiValue<T>::printTo
        17 361704    2891941    6156598 XMLWriter::writeValueObj
       120 213038    4085351   25711704 FieldContainer::writeFieldsTo
       107  17966      36504    1932000 GxTransform::writeTo
         0  17966       8991       8991 GxTransform::serialVersionId
       252 334672    6335567   84508502 GxSeparator::writeTo
       490 264064    8365206  129541069 Trial::writeTo
     13517  11158     212532  150831775 Block::writeTo
         0  11158       6514       6514 Block::serialVersionId
       227 2096384   17405391  476925946 XMLWriter::writeObject
     21817  13812    3975655  301343219 ElementContainer::writeTo
      1973 166428     638463  328480220 XMLWriter::writeBaseClass
         0 402750     206769     206769 IO::IoObject::serialVersionId
       114   5558      20630     636655 XMLWriter::writeOwnedObject
         8 2148284   12229728   18800840 XMLWriter::writeInt
        15 117998    1337416    1791792 XMLWriter::writeEscaped
        10 404638    1622788    4322811 XMLWriter::writeCstring
     57368   2654      94914  152255711 ExptDriver::writeTo
         4 1982468    4360402    9283688 Util::Object::realTypename
         5 1982468    2539205   11822893 Util::Object::objTypename
         0   2654       1336       1336 ExptDriver::serialVersionId
       918 1006634   19108374  924415482 XMLWriter::flattenObject
     57652   2654     561556  153010199 XMLWriter::writeRoot
         1   2654       3573       3573 XMLWriter::XMLWriter(const char*)
         4   2654      11818      11818 ObjDb::getCheckedObj
         1   2654       4101       4101 Tcl::fromTcl(long*)
         4   2654       8076      12177 Tcl::fromTcl(unsigned long*)
         3   2654       7984       7984 Tcl::Interp::setObjResult
         0   2654       1369       1369 Tcl::toTcl(Tcl::ObjPtr)
         7   2654      10181      19534 Tcl::Context::setObjResult
         2   2654       6652       6652 Tcl::toTcl(unsigned long)
         0   1327        718        718 AsciiStreamReader::~AsciiStreamReader
         0  98381      91776      91776 Tcl::Timer::cancel
         2  44624      66048     113162 TrialEvent::cancel
        11  44624     160245     510520 TrialEvent::readFrom
       325   2082      45518     677565 FixPt::readFrom
       351   2082     374487     732305 FixPt::make
        27  53756     655242    1461924 TrialEvent::TrialEvent
       701   5970     722313    4189115 TimingHdlr::readFrom
         0  38372      19575      19575 Face::setCategory
       307  38372     829605   11781223 Face::readFrom
         0 3939139    2604371    2604371 Util::RefCounted::operator delete
         0 5234485    2821834    2821834 Util::RefCounts::~RefCounts
         3 5234487    6845979   16422125 Util::RefCounted::~RefCounted
         0 5234487    2749528    2749528 Util::Object::~Object
         0 1956906    1044496    1044496 IO::IoObject::~IoObject
         9 147898     208634    1369150 GxShapeKit::setCenterY
         7 147898     200589    1104943 GxShapeKit::setCenterX
         1 147898     204559     287575 GxShapeKit::setHeightFactor
         2 147898     247629     332097 GxShapeKit::setWidthFactor
         2 152270     206288     313460 GxScaler::setMode
        10 152270     382052    1581827 GxShapeKit::setScalingMode
         8 149770     221311    1230958 GxShapeKit::setRenderMode
         0 104806      57132      57132 GxShapeKit::setCategory
       144 147898     377150   21352215 GxShapeKit::readFrom
         0  61778      51177      51177 Gfx::BmapData::queueUpdate
        13  61778     275107     848497 GxPixmap::queueImage
       301 100414    3409820   30324533 GxPixmap::readFrom
       409 117912    1360340   48271211 AsciiStreamReader::readOwnedObject
       414 117215     355713   48602235 AsciiStreamReader::readBaseClass
        12 522182    6615638    6615638 AsciiStreamReader::readDouble
        16  55768     930543     930543 TMultiValue<T>::scanFrom
        18 361704    1806888    6729437 Value::setCstring
        20 180852     761184    3642487 AsciiStreamReader::readValueObj
       119 213038    4592714   25545799 FieldContainer::readFieldsFrom
        96  17966      62771    1733049 GxTransform::readFrom
         0  38372      33052      33052 Face::Face
       340  38372    6504810   13065921 Face::make
         0 104356      53664      53664 GxShapeKit::setPercentBorder
         7 250622     335478    1995723 GxShapeKit::setAlignmentMode
         9 100414     259638     958976 GxPixmap::GxPixmap
         0 139050      80345      80345 Gfx::BmapData::BmapData
         4 1556252    6656801    6656801 GLCanvas::deleteLists
         3 3008390    4564897   11245389 Util::SignalBase::doEmit
        10 147898     276821    1583050 GxShapeKit::GxShapeKit
         0  17966      16116      16116 GxTransform::GxTransform
         0  31710      28854      28854 Gfx::Txform::Txform
        50  17290     463275     865569 GxTransform::make
       560 334672   16065383  187525911 GxSeparator::readFrom
         0   1134        613        613 NullResponseHdlr::readFrom
         0   5970       2937       2937 TimingHdlr::TimingHdlr
        11   4448      29900      50387 TimingHdlr::make
         0   1134        567        567 NullResponseHdlr::NullResponseHdlr
         0   3958       1936       1936 ResponseHandler::ResponseHandler
        14   1134       8408      16079 NullResponseHdlr::make
         0 334672     172716     172716 GxSeparator::GxSeparator
        50 334672    8557090   16861314 GxSeparator::make
       251 264064   15943986   66320058 Trial::readFrom
         0  11158       5619       5619 ElementContainer::numElements
         1  11158      13634      13634 ElementContainer::numCompleted
        10 258270    2632418    2632418 AsciiStreamReader::readBool
         0 264064     193314     193314 Trial::Trial()
        11 264064    1781861    3131274 Trial::make
      3478  11158     196183   38810158 Block::readFrom
       157   5558     157109     877398 Tcl::Interp::createProc
         0  11158       5595       5595 Block::Block
        11  11158      74441     133048 Block::make
       192 1048192   32011225  202204973 AsciiStreamReader::readMaybeObject
       255 784128    2940788  200383066 AsciiStreamReader::readObject
      4295   6906    3578362   29662495 ElementContainer::legacyReadElements
        11 1072815   12378030   12378030 AsciiStreamReader::readInt
        16  77344    1250908    1251264 AsciiStreamReader::readStringImpl
         0 351832     200513     200513 AsciiStreamReader::readSerialVersionId
         1 644791     699424     895132 IO::Reader::ensureReadVersionId
       669   2654     126850    1777419 ExptDriver::readFrom
         3 3341455    9666620   10590875 <asciistreamreader.cc>::readAndUnEscape
       696 535236   30602182  372621806 AsciiStreamReader::inflateObject
         1   2654       3087       3087 Tcl::Main::commandLine
        16   2654      41639      44726 ExptDriver::ExptDriver
         0  13812       6951       6951 ElementContainer::ElementContainer
       382 843780   13016591  323092144 Util::ObjMgr::newObj(const fstring&)
        82  74063    6138676    6138676 Util::gzstreambuf::underflow
    253172   1327    8428880  335959711 AsciiStreamReader::readRoot
         1   1327       1764       1764 AsciiStreamReader::AsciiStreamReader
         9   3981      37420      37420 Tcl::fromTcl(fstring*)
         0   6635       6420       6420 Tcl::Command::getDispatcher
         0   6635       4598       4598 Tcl::Command::allowsObjc
    150891   6635  203438011 1001163153 Tcl::Command::rawInvoke
         0      0          0          0 Tcl::Interp::evalFile
         1      1          1          1 Tcl::Interp::resetResult
         0      0          0          0 Tcl::MainImpl::run
         0      0          0          0 Tcl::Main::run
         5      1          5          5 Tcl::List::doAppend
         6   6632       9025      46082 Tcl::List::List
         4      1          2          4 Tcl::fromTcl(Tcl::List*)
         6      1          6          6 Tcl::Interp::getObjGlobalVar
      1596      1        265       1596 Trial_Init
         6      1          4          6 TkWidgImpl::cEventCallback-Expose
       162      3        486        486 GLCanvas::flushOutput
         3      3         11         11 GLCanvas::clearColorBuffer
        44      2          9         88 GxScene::fullRender
        46      2          5         93 Toglet::displayCallback
        49      2          5         98 TkWidgImpl::cRenderCallback
         2      2          5          5 Tcl::TkWidget::requestRedisplay
         1      1          1          1 GxScene::reshape
         5      1          4          5 Toglet::reshapeCallback
        11      1          3         11 TkWidgImpl::cEventCallback-ConfigureNotify
    365913      1         44     365913 Tcl::TkWidget::pack
         3      1          3          3 GLCanvas::setClearColor
         2      1          2          2 GLCanvas::setColor
        18      1         13         18 GlxWrapper::GlxWrapper::rgbaFlag
         1      1          1          1 GLCanvas::isRgba
         0      1          0          0 Gfx::Canvas::setCurrent
     16111      1      16111      16111 GlxWrapper::makeCurrent
     16121      1         10      16121 GLCanvas::makeCurrent
         1      1          1          1 TkWidget::cEventCallback-MapNotify
        55      4         19        221 TkWidgImpl::cEventCallback
         0      1          0          0 GLCanvas::bitsPerPixel
        12      1         12         12 Toglet::Impl::cClassCreateProc
    486322      1     104232     486322 Toglet::Toglet
         0      1          0          0 Toglet::Impl::Impl
         6 879243    3516837    5411916 Util::SignalBase::doConnect
        44      1         18         44 GxScene::GxScene
         0 1241590     658729     658729 GxNode::GxNode
         0 1295347     674530     674530 Util::Signal0::Signal0
         0 1499661     790807     790807 Util::Slot0::Slot0
         0 1499661     772468     772468 Util::SlotBase::SlotBase
         1 6736812    8387297   11209131 Util::RefCounts::releaseWeak
         0 1499666     810975     810975 Util::RefCounted::refCounts
         1      1          1          1 GLCanvas::GLCanvas
        17      1         17         17 GlxOpts::buildAttribList
    335578      1     335561     335578 GlxWrapper::GlxWrapper
         0      1          0          0 GlxOpts::GlxOpts
    335603      1         18     335603 GLCanvas::make
         2      1          2          2 Tcl::TkWidget::TkWidget
         5      1          5          5 TkWidgImpl::TkWidgImpl
         1      1          1          1 GWT::Widget::Widget
         0 1777923     947441     947441 Util::RefCounted::markAsVolatile
         1 1777922    2289984    3237425 Util::VolatileObject::VolatileObject
    822265      1        148     822265 Toglet::make
    824683      1        174     824683 Toglet_Init
       291      1        116        291 Tlist_Init
       933      1        180        933 Tkwidget_Init
      1202      1         81       1202 Timinghdlr_Init
      1284      1         82       1284 Timinghandler_Init
        12      2          4         24 Tcl::Pkg::linkConstVar int
         0 45841257   25757881   25757881 Util::RefCounts::releaseStrong
         8 4308032   24908278   36940983 ObjDb::insertObj
         1      1          1          1 ObjDb::ObjDb
         0 45843482   25871258   25871258 Util::RefCounts::acquireStrong
         0 24365193   13289154   13289154 Util::RefCounted::isNotShareable
         2      2          5          5 Sound::setFile
         3      2          2          7 Sound::Sound
         0 1956909    1092288    1092288 IO::IoObject::IoObject
         0 5234493    2770013    2770013 Util::Object::Object
         0 6736821    3640954    3640954 Util::RefCounts::acquireWeak
         1 5234493    6715308    9529308 Util::RefCounted::RefCounted
         0 5234493    2711065    2711065 Util::RefCounts::RefCounts
         0 3939144    3332659    3332659 Util::RefCounted::operator new
         0      1          0          0 Sound::initSound
      1042      1        101       1042 Sound_Init
        62      1         24         62 Serialrh_Init
        81      1         34         81 Prof_Init
       654      1         32        654 Outputfile_Init
         0      3          1          1 Tcl::Pkg::onExit
       186      1         63        186 Objdb_Init
       502      1         25        502 Nulltrialevent_Init
      1037      1         24       1037 Nullresponsehdlr_Init
       825      1         72        825 Multievent_Init
      4049      1        450       4049 Morphyface_Init
       158      1         61        158 Misc_Init
      1596      1         53       1596 Maskhatch_Init
      1148      1         21       1148 Kbdresponsehdlr_Init
       157      1         51        157 Log_Init
       789      1         32        789 Jitter_Init
      2698      1        286       2698 House_Init
      1151      1         97       1151 Gxtransform_Init
      1651      1         52       1651 Gxtext_Init
        66      1         66         66 GxSphere::classFields
       970      1         28        970 Gxsphere_Init
       901      1         92        901 Gxseparator_Init
       926      1        143        926 Gxscaler_Init
        58      1         58         58 GxPsyphyCamera::classFields
       891      1         27        891 Gxpsyphycamera_Init
        30      1         30         30 GxPointSet::classFields
       965      1         31        965 Gxpointset_Init
         2 843783    1771405    1771405 AssocArray::getPtrForName
      1803      1        198       1803 Gxpixmap_Init
        71      1         71         71 GxPerspectiveCamera::classFields
      1065      1         39       1065 Gxperspectivecamera_Init
        56      1         56         56 GxMaterial::classFields
      1004      1         36       1004 Gxmaterial_Init
         0    925        635        635 GxLine::classFields
      7143      1         33       7143 Gxline_Init
        94      1         94         94 GxLighting::classFields
      1250      1         28       1250 Gxlighting_Init
        47      1         47         47 GxFixedScaleCamera::classFields
       851      1         31        851 Gxfixedscalecamera_Init
       571      1         20        571 Gxemptynode_Init
      1014      1         95       1014 Gxdrawstyle_Init
        70      1         70         70 GxDisk::classFields
      1088      1         29       1088 Gxdisk_Init
        97      1         97         97 GxCylinder::classFields
      1148      1         30       1148 Gxcylinder_Init
       945      1         36        945 Gxcolor_Init
       182      1         63        182 Gtrace_Init
      2499      1        895       2499 Gl_Init
       677      1         35        677 Genericevent_Init
      2722      1        278       2722 Gaborarray_Init
      2337      1        198       2337 Gabor_Init
      1665      1         77       1665 Fixpt_Init
      2211      1        202       2211 Fish_Init
      6312      1        249       6312 Trialevent_Init
      6913      1         62       6913 Filewriteevent_Init
      1531      1        190       1531 Exptdriver_Init
       418      6         15       2508 Tcl::Pkg::namespaceAlias
      1085      1         17       1085 Responsehandler_Init
      2574      1        167       2574 Eventresponsehdlr_Init
       546      1        192        546 Dlist_Init
         6    121        845        845 Tcl::Interp::linkInt
         8    119        234       1059 Tcl::Pkg::linkVarCopy int
         5   6682      37137      37137 Tcl::List::split
         3     50         79        159 Tcl::List::List
        52    307       6722      16042 Tcl::defField
       711     25        788      17795 Tcl::defAllFields
       889      1         46        889 Gxnode_Init
      2776      1        280       2776 Gxshapekit_Init
      4779      1        130       4779 Face_Init
      6940      1         80       6940 Cloneface_Init
         5     65        341        341 AssocArray::setPtrForName
        22     47       1079       1079 demangle_impl
         2 2148940    5453138    5454217 demangled_name
         0      1          0          0 AssocArray::AssocArray
       666     70        952      46673 exportInto
        63     70        863       4459 exportAll
       762     64        172      48811 Tcl::Pkg::inherit
         0   1404        848        848 Tcl::fromTcl(const char**)
         0     75         63         63 Tcl::Interp::getObjResult
         4     75        202        309 Tcl::Pkg::initStatus
         0     75         44         44 Tcl::Pkg::finishInit
       722      2         29       1445 Tcl::Pkg::eval
        53  15169     808949     808949 Tcl::Interp::~Interp
         1   1222       1296       1296 Tcl::Pkg::addCommand
         0    832        449        449 Tcl::Command::setDispatcher
        24   4046      97478      97478 Tcl::Command::Command
         8  15092     125758     125758 Tcl::Interp::Interp(const Interp&)
         3   1222       4666       4666 Tcl::Pkg::makePkgCmdName
         0   1222        594        594 Tcl::Pkg::interp
       115     46       1499       5321 Tcl::defGenericObjCmds
       561      1         94        561 Obj_Init
     18459      1         90      18459 Io_Init
     19288      1         66      19288 Element_Init
     20193      1         90      20193 Elementcontainer_Init
      1179     64       1150      75492 Tcl::Pkg::lookup
      2038     64       6159     130462 Tcl::Pkg::inheritPkg
         2     75        189        189 Tcl::Pkg::Pkg
         0     75         37         37 Tcl::Pkg::Impl::Impl
     21713      1        343      21713 Block_Init
       131  11321    1489106    1489230 Tcl::Interp::eval
         3  14143      54245      54245 Tcl::toTcl(const fstring&)
         0   5560       5271       5271 Tcl::Main::interp
         1      3          4          4 Tcl::Main::isInteractive
         3      7         23         23 Tcl::toTcl(const char*)
         5      6         32         32 Tcl::Interp::setGlobalVar
         4      2          8          8 Tcl::toTcl(int)
     13782      1      13748      13782 Tcl::MainImpl::MainImpl
         5     78        439        439 Tcl::Interp::Interp
         0      0          0          0 main
         0 361709     193376     193376 Value::Value
         0      2          0          0 Sound::~Sound
     14423      1         43      14423 GxRasterFont::~GxRasterFont
